Classic Timing Analyzer report for lab6
Wed Apr 09 20:40:34 2025
Quartus II Version 9.1 Build 222 10/21/2009 SJ Web Edition


---------------------
; Table of Contents ;
---------------------
  1. Legal Notice
  2. Timing Analyzer Summary
  3. Timing Analyzer Settings
  4. Clock Settings Summary
  5. Parallel Compilation
  6. Clock Setup: 'clk'
  7. tco
  8. Timing Analyzer Messages



----------------
; Legal Notice ;
----------------
Copyright (C) 1991-2009 Altera Corporation
Your use of Altera Corporation's design tools, logic functions 
and other software and tools, and its AMPP partner logic 
functions, and any output files from any of the foregoing 
(including device programming or simulation files), and any 
associated documentation or information are expressly subject 
to the terms and conditions of the Altera Program License 
Subscription Agreement, Altera MegaCore Function License 
Agreement, or other applicable license agreement, including, 
without limitation, that your use is for the sole purpose of 
programming logic devices manufactured by Altera and sold by 
Altera or its authorized distributors.  Please refer to the 
applicable agreement for further details.



+------------------------------------------------------------------------------------------------------------------------------------------------------------------------------------------------------+
; Timing Analyzer Summary                                                                                                                                                                              ;
+------------------------------+-------+---------------+------------------------------------------------+-------------------------------+-----------------------+------------+----------+--------------+
; Type                         ; Slack ; Required Time ; Actual Time                                    ; From                          ; To                    ; From Clock ; To Clock ; Failed Paths ;
+------------------------------+-------+---------------+------------------------------------------------+-------------------------------+-----------------------+------------+----------+--------------+
; Worst-case tco               ; N/A   ; None          ; 6.927 ns                                       ; d_flipflop:pause_ff|q         ; result[4]             ; clk        ; --       ; 0            ;
; Clock Setup: 'clk'           ; N/A   ; None          ; Restricted to 500.00 MHz ( period = 2.000 ns ) ; lpm_counter:counter_inst|q[0] ; d_flipflop:pause_ff|q ; clk        ; clk      ; 0            ;
; Total number of failed paths ;       ;               ;                                                ;                               ;                       ;            ;          ; 0            ;
+------------------------------+-------+---------------+------------------------------------------------+-------------------------------+-----------------------+------------+----------+--------------+


+-----------------------------------------------------------------------------------------------------------------------------------------------------+
; Timing Analyzer Settings                                                                                                                            ;
+------------------------------------------------------------------------------------------------------+--------------------+------+----+-------------+
; Option                                                                                               ; Setting            ; From ; To ; Entity Name ;
+------------------------------------------------------------------------------------------------------+--------------------+------+----+-------------+
; Device Name                                                                                          ; EP2S15F484C3       ;      ;    ;             ;
; Timing Models                                                                                        ; Final              ;      ;    ;             ;
; Default hold multicycle                                                                              ; Same as Multicycle ;      ;    ;             ;
; Cut paths between unrelated clock domains                                                            ; On                 ;      ;    ;             ;
; Cut off read during write signal paths                                                               ; On                 ;      ;    ;             ;
; Cut off feedback from I/O pins                                                                       ; On                 ;      ;    ;             ;
; Report Combined Fast/Slow Timing                                                                     ; Off                ;      ;    ;             ;
; Ignore Clock Settings                                                                                ; Off                ;      ;    ;             ;
; Analyze latches as synchronous elements                                                              ; On                 ;      ;    ;             ;
; Enable Recovery/Removal analysis                                                                     ; Off                ;      ;    ;             ;
; Enable Clock Latency                                                                                 ; Off                ;      ;    ;             ;
; Use TimeQuest Timing Analyzer                                                                        ; Off                ;      ;    ;             ;
; Minimum Core Junction Temperature                                                                    ; 0                  ;      ;    ;             ;
; Maximum Core Junction Temperature                                                                    ; 85                 ;      ;    ;             ;
; Number of source nodes to report per destination node                                                ; 10                 ;      ;    ;             ;
; Number of destination nodes to report                                                                ; 10                 ;      ;    ;             ;
; Number of paths to report                                                                            ; 200                ;      ;    ;             ;
; Report Minimum Timing Checks                                                                         ; Off                ;      ;    ;             ;
; Use Fast Timing Models                                                                               ; Off                ;      ;    ;             ;
; Report IO Paths Separately                                                                           ; Off                ;      ;    ;             ;
; Perform Multicorner Analysis                                                                         ; On                 ;      ;    ;             ;
; Reports the worst-case path for each clock domain and analysis                                       ; Off                ;      ;    ;             ;
; Reports worst-case timing paths for each clock domain and analysis                                   ; Off                ;      ;    ;             ;
; Specifies the maximum number of worst-case timing paths to report for each clock domain and analysis ; 100                ;      ;    ;             ;
; Removes common clock path pessimism (CCPP) during slack computation                                  ; Off                ;      ;    ;             ;
; Output I/O Timing Endpoint                                                                           ; Near End           ;      ;    ;             ;
+------------------------------------------------------------------------------------------------------+--------------------+------+----+-------------+


+------------------------------------------------------------------------------------------------------------------------------------------------------------------------------------+
; Clock Settings Summary                                                                                                                                                             ;
+-----------------+--------------------+----------+------------------+---------------+--------------+----------+-----------------------+---------------------+--------+--------------+
; Clock Node Name ; Clock Setting Name ; Type     ; Fmax Requirement ; Early Latency ; Late Latency ; Based on ; Multiply Base Fmax by ; Divide Base Fmax by ; Offset ; Phase offset ;
+-----------------+--------------------+----------+------------------+---------------+--------------+----------+-----------------------+---------------------+--------+--------------+
; clk             ;                    ; User Pin ; None             ; 0.000 ns      ; 0.000 ns     ; --       ; N/A                   ; N/A                 ; N/A    ;              ;
+-----------------+--------------------+----------+------------------+---------------+--------------+----------+-----------------------+---------------------+--------+--------------+


Parallel compilation was disabled, but you have multiple processors available. Enable parallel compilation to reduce compilation time.
+-------------------------------------+
; Parallel Compilation                ;
+----------------------------+--------+
; Processors                 ; Number ;
+----------------------------+--------+
; Number detected on machine ; 12     ;
; Maximum allowed            ; 1      ;
+----------------------------+--------+


+------------------------------------------------------------------------------------------------------------------------------------------------------------------------------------------------------------------------------------+
; Clock Setup: 'clk'                                                                                                                                                                                                                 ;
+-------+------------------------------------------------+-------------------------------+-------------------------------+------------+----------+-----------------------------+---------------------------+-------------------------+
; Slack ; Actual fmax (period)                           ; From                          ; To                            ; From Clock ; To Clock ; Required Setup Relationship ; Required Longest P2P Time ; Actual Longest P2P Time ;
+-------+------------------------------------------------+-------------------------------+-------------------------------+------------+----------+-----------------------------+---------------------------+-------------------------+
; N/A   ; Restricted to 500.00 MHz ( period = 2.000 ns ) ; lpm_counter:counter_inst|q[0] ; d_flipflop:pause_ff|q         ; clk        ; clk      ; None                        ; None                      ; 1.041 ns                ;
; N/A   ; Restricted to 500.00 MHz ( period = 2.000 ns ) ; lpm_counter:counter_inst|q[3] ; d_flipflop:pause_ff|q         ; clk        ; clk      ; None                        ; None                      ; 1.000 ns                ;
; N/A   ; Restricted to 500.00 MHz ( period = 2.000 ns ) ; lpm_counter:counter_inst|q[1] ; d_flipflop:pause_ff|q         ; clk        ; clk      ; None                        ; None                      ; 0.968 ns                ;
; N/A   ; Restricted to 500.00 MHz ( period = 2.000 ns ) ; lpm_counter:counter_inst|q[0] ; lpm_counter:counter_inst|q[4] ; clk        ; clk      ; None                        ; None                      ; 0.827 ns                ;
; N/A   ; Restricted to 500.00 MHz ( period = 2.000 ns ) ; d_flipflop:pause_ff|q         ; pause_counter[2]              ; clk        ; clk      ; None                        ; None                      ; 0.808 ns                ;
; N/A   ; Restricted to 500.00 MHz ( period = 2.000 ns ) ; pause_counter[0]              ; d_flipflop:pause_ff|q         ; clk        ; clk      ; None                        ; None                      ; 0.800 ns                ;
; N/A   ; Restricted to 500.00 MHz ( period = 2.000 ns ) ; pause_counter[0]              ; pause_counter[2]              ; clk        ; clk      ; None                        ; None                      ; 0.793 ns                ;
; N/A   ; Restricted to 500.00 MHz ( period = 2.000 ns ) ; pause_counter[0]              ; pause_counter[1]              ; clk        ; clk      ; None                        ; None                      ; 0.793 ns                ;
; N/A   ; Restricted to 500.00 MHz ( period = 2.000 ns ) ; lpm_counter:counter_inst|q[0] ; lpm_counter:counter_inst|q[3] ; clk        ; clk      ; None                        ; None                      ; 0.792 ns                ;
; N/A   ; Restricted to 500.00 MHz ( period = 2.000 ns ) ; lpm_counter:counter_inst|q[4] ; d_flipflop:pause_ff|q         ; clk        ; clk      ; None                        ; None                      ; 0.783 ns                ;
; N/A   ; Restricted to 500.00 MHz ( period = 2.000 ns ) ; pause_counter[2]              ; d_flipflop:pause_ff|q         ; clk        ; clk      ; None                        ; None                      ; 0.766 ns                ;
; N/A   ; Restricted to 500.00 MHz ( period = 2.000 ns ) ; lpm_counter:counter_inst|q[0] ; lpm_counter:counter_inst|q[2] ; clk        ; clk      ; None                        ; None                      ; 0.757 ns                ;
; N/A   ; Restricted to 500.00 MHz ( period = 2.000 ns ) ; lpm_counter:counter_inst|q[1] ; lpm_counter:counter_inst|q[4] ; clk        ; clk      ; None                        ; None                      ; 0.750 ns                ;
; N/A   ; Restricted to 500.00 MHz ( period = 2.000 ns ) ; lpm_counter:counter_inst|q[1] ; lpm_counter:counter_inst|q[3] ; clk        ; clk      ; None                        ; None                      ; 0.715 ns                ;
; N/A   ; Restricted to 500.00 MHz ( period = 2.000 ns ) ; lpm_counter:counter_inst|q[2] ; lpm_counter:counter_inst|q[4] ; clk        ; clk      ; None                        ; None                      ; 0.715 ns                ;
; N/A   ; Restricted to 500.00 MHz ( period = 2.000 ns ) ; lpm_counter:counter_inst|q[0] ; lpm_counter:counter_inst|q[1] ; clk        ; clk      ; None                        ; None                      ; 0.694 ns                ;
; N/A   ; Restricted to 500.00 MHz ( period = 2.000 ns ) ; lpm_counter:counter_inst|q[1] ; lpm_counter:counter_inst|q[2] ; clk        ; clk      ; None                        ; None                      ; 0.680 ns                ;
; N/A   ; Restricted to 500.00 MHz ( period = 2.000 ns ) ; lpm_counter:counter_inst|q[2] ; lpm_counter:counter_inst|q[3] ; clk        ; clk      ; None                        ; None                      ; 0.680 ns                ;
; N/A   ; Restricted to 500.00 MHz ( period = 2.000 ns ) ; lpm_counter:counter_inst|q[3] ; lpm_counter:counter_inst|q[4] ; clk        ; clk      ; None                        ; None                      ; 0.680 ns                ;
; N/A   ; Restricted to 500.00 MHz ( period = 2.000 ns ) ; pause_counter[1]              ; d_flipflop:pause_ff|q         ; clk        ; clk      ; None                        ; None                      ; 0.675 ns                ;
; N/A   ; Restricted to 500.00 MHz ( period = 2.000 ns ) ; lpm_counter:counter_inst|q[2] ; d_flipflop:pause_ff|q         ; clk        ; clk      ; None                        ; None                      ; 0.674 ns                ;
; N/A   ; Restricted to 500.00 MHz ( period = 2.000 ns ) ; lpm_counter:counter_inst|q[1] ; lpm_counter:counter_inst|q[1] ; clk        ; clk      ; None                        ; None                      ; 0.609 ns                ;
; N/A   ; Restricted to 500.00 MHz ( period = 2.000 ns ) ; lpm_counter:counter_inst|q[2] ; lpm_counter:counter_inst|q[2] ; clk        ; clk      ; None                        ; None                      ; 0.609 ns                ;
; N/A   ; Restricted to 500.00 MHz ( period = 2.000 ns ) ; lpm_counter:counter_inst|q[3] ; lpm_counter:counter_inst|q[3] ; clk        ; clk      ; None                        ; None                      ; 0.609 ns                ;
; N/A   ; Restricted to 500.00 MHz ( period = 2.000 ns ) ; lpm_counter:counter_inst|q[4] ; lpm_counter:counter_inst|q[4] ; clk        ; clk      ; None                        ; None                      ; 0.609 ns                ;
; N/A   ; Restricted to 500.00 MHz ( period = 2.000 ns ) ; lpm_counter:counter_inst|q[0] ; lpm_counter:counter_inst|q[0] ; clk        ; clk      ; None                        ; None                      ; 0.488 ns                ;
; N/A   ; Restricted to 500.00 MHz ( period = 2.000 ns ) ; pause_counter[0]              ; pause_counter[0]              ; clk        ; clk      ; None                        ; None                      ; 0.488 ns                ;
; N/A   ; Restricted to 500.00 MHz ( period = 2.000 ns ) ; pause_counter[2]              ; pause_counter[2]              ; clk        ; clk      ; None                        ; None                      ; 0.488 ns                ;
; N/A   ; Restricted to 500.00 MHz ( period = 2.000 ns ) ; pause_counter[1]              ; pause_counter[1]              ; clk        ; clk      ; None                        ; None                      ; 0.488 ns                ;
; N/A   ; Restricted to 500.00 MHz ( period = 2.000 ns ) ; d_flipflop:pause_ff|q         ; pause_counter[1]              ; clk        ; clk      ; None                        ; None                      ; 0.469 ns                ;
; N/A   ; Restricted to 500.00 MHz ( period = 2.000 ns ) ; d_flipflop:pause_ff|q         ; pause_counter[0]              ; clk        ; clk      ; None                        ; None                      ; 0.462 ns                ;
; N/A   ; Restricted to 500.00 MHz ( period = 2.000 ns ) ; pause_counter[1]              ; pause_counter[2]              ; clk        ; clk      ; None                        ; None                      ; 0.415 ns                ;
; N/A   ; Restricted to 500.00 MHz ( period = 2.000 ns ) ; d_flipflop:pause_ff|q         ; d_flipflop:pause_ff|q         ; clk        ; clk      ; None                        ; None                      ; 0.396 ns                ;
+-------+------------------------------------------------+-------------------------------+-------------------------------+------------+----------+-----------------------------+---------------------------+-------------------------+


+--------------------------------------------------------------------------------------------+
; tco                                                                                        ;
+-------+--------------+------------+-------------------------------+-----------+------------+
; Slack ; Required tco ; Actual tco ; From                          ; To        ; From Clock ;
+-------+--------------+------------+-------------------------------+-----------+------------+
; N/A   ; None         ; 6.927 ns   ; d_flipflop:pause_ff|q         ; result[4] ; clk        ;
; N/A   ; None         ; 6.757 ns   ; lpm_counter:counter_inst|q[4] ; result[4] ; clk        ;
; N/A   ; None         ; 6.551 ns   ; d_flipflop:pause_ff|q         ; result[2] ; clk        ;
; N/A   ; None         ; 6.531 ns   ; d_flipflop:pause_ff|q         ; result[3] ; clk        ;
; N/A   ; None         ; 6.445 ns   ; lpm_counter:counter_inst|q[3] ; result[3] ; clk        ;
; N/A   ; None         ; 6.389 ns   ; lpm_counter:counter_inst|q[0] ; result[0] ; clk        ;
; N/A   ; None         ; 6.376 ns   ; d_flipflop:pause_ff|q         ; result[1] ; clk        ;
; N/A   ; None         ; 6.334 ns   ; lpm_counter:counter_inst|q[2] ; result[2] ; clk        ;
; N/A   ; None         ; 6.260 ns   ; lpm_counter:counter_inst|q[1] ; result[1] ; clk        ;
; N/A   ; None         ; 5.972 ns   ; d_flipflop:pause_ff|q         ; result[0] ; clk        ;
+-------+--------------+------------+-------------------------------+-----------+------------+


+--------------------------+
; Timing Analyzer Messages ;
+--------------------------+
Info: *******************************************************************
Info: Running Quartus II Classic Timing Analyzer
    Info: Version 9.1 Build 222 10/21/2009 SJ Web Edition
    Info: Processing started: Wed Apr 09 20:40:34 2025
Info: Command: quartus_tan --read_settings_files=off --write_settings_files=off lab6 -c lab6 --timing_analysis_only
Warning: Found pins functioning as undefined clocks and/or memory enables
    Info: Assuming node "clk" is an undefined clock
Info: Clock "clk" Internal fmax is restricted to 500.0 MHz between source register "lpm_counter:counter_inst|q[0]" and destination register "d_flipflop:pause_ff|q"
    Info: fmax restricted to clock pin edge rate 2.0 ns. Expand message to see actual delay path.
        Info: + Longest register to register delay is 1.041 ns
            Info: 1: + IC(0.000 ns) + CELL(0.000 ns) = 0.000 ns; Loc. = LCFF_X14_Y26_N1; Fanout = 5; REG Node = 'lpm_counter:counter_inst|q[0]'
            Info: 2: + IC(0.266 ns) + CELL(0.346 ns) = 0.612 ns; Loc. = LCCOMB_X14_Y26_N10; Fanout = 1; COMB Node = 'next_in_pause~0'
            Info: 3: + IC(0.221 ns) + CELL(0.053 ns) = 0.886 ns; Loc. = LCCOMB_X14_Y26_N4; Fanout = 1; COMB Node = 'next_in_pause~1'
            Info: 4: + IC(0.000 ns) + CELL(0.155 ns) = 1.041 ns; Loc. = LCFF_X14_Y26_N5; Fanout = 10; REG Node = 'd_flipflop:pause_ff|q'
            Info: Total cell delay = 0.554 ns ( 53.22 % )
            Info: Total interconnect delay = 0.487 ns ( 46.78 % )
        Info: - Smallest clock skew is 0.000 ns
            Info: + Shortest clock path from clock "clk" to destination register is 3.111 ns
                Info: 1: + IC(0.000 ns) + CELL(0.867 ns) = 0.867 ns; Loc. = PIN_A5; Fanout = 9; CLK Node = 'clk'
                Info: 2: + IC(1.626 ns) + CELL(0.618 ns) = 3.111 ns; Loc. = LCFF_X14_Y26_N5; Fanout = 10; REG Node = 'd_flipflop:pause_ff|q'
                Info: Total cell delay = 1.485 ns ( 47.73 % )
                Info: Total interconnect delay = 1.626 ns ( 52.27 % )
            Info: - Longest clock path from clock "clk" to source register is 3.111 ns
                Info: 1: + IC(0.000 ns) + CELL(0.867 ns) = 0.867 ns; Loc. = PIN_A5; Fanout = 9; CLK Node = 'clk'
                Info: 2: + IC(1.626 ns) + CELL(0.618 ns) = 3.111 ns; Loc. = LCFF_X14_Y26_N1; Fanout = 5; REG Node = 'lpm_counter:counter_inst|q[0]'
                Info: Total cell delay = 1.485 ns ( 47.73 % )
                Info: Total interconnect delay = 1.626 ns ( 52.27 % )
        Info: + Micro clock to output delay of source is 0.094 ns
        Info: + Micro setup delay of destination is 0.090 ns
Info: tco from clock "clk" to destination pin "result[4]" through register "d_flipflop:pause_ff|q" is 6.927 ns
    Info: + Longest clock path from clock "clk" to source register is 3.111 ns
        Info: 1: + IC(0.000 ns) + CELL(0.867 ns) = 0.867 ns; Loc. = PIN_A5; Fanout = 9; CLK Node = 'clk'
        Info: 2: + IC(1.626 ns) + CELL(0.618 ns) = 3.111 ns; Loc. = LCFF_X14_Y26_N5; Fanout = 10; REG Node = 'd_flipflop:pause_ff|q'
        Info: Total cell delay = 1.485 ns ( 47.73 % )
        Info: Total interconnect delay = 1.626 ns ( 52.27 % )
    Info: + Micro clock to output delay of source is 0.094 ns
    Info: + Longest register to pin delay is 3.722 ns
        Info: 1: + IC(0.000 ns) + CELL(0.000 ns) = 0.000 ns; Loc. = LCFF_X14_Y26_N5; Fanout = 10; REG Node = 'd_flipflop:pause_ff|q'
        Info: 2: + IC(0.304 ns) + CELL(0.346 ns) = 0.650 ns; Loc. = LCCOMB_X14_Y26_N14; Fanout = 1; COMB Node = 'lpm_mux:result_mux|result[4]~4'
        Info: 3: + IC(1.080 ns) + CELL(1.992 ns) = 3.722 ns; Loc. = PIN_A19; Fanout = 0; PIN Node = 'result[4]'
        Info: Total cell delay = 2.338 ns ( 62.82 % )
        Info: Total interconnect delay = 1.384 ns ( 37.18 % )
Info: Quartus II Classic Timing Analyzer was successful. 0 errors, 1 warning
    Info: Peak virtual memory: 177 megabytes
    Info: Processing ended: Wed Apr 09 20:40:34 2025
    Info: Elapsed time: 00:00:00
    Info: Total CPU time (on all processors): 00:00:00


