Flow report for lab6
Wed Apr 09 20:40:34 2025
Quartus II Version 9.1 Build 222 10/21/2009 SJ Web Edition


---------------------
; Table of Contents ;
---------------------
  1. Legal Notice
  2. Flow Summary
  3. Flow Settings
  4. Flow Non-Default Global Settings
  5. Flow Elapsed Time
  6. Flow OS Summary
  7. Flow Log



----------------
; Legal Notice ;
----------------
Copyright (C) 1991-2009 Altera Corporation
Your use of Altera Corporation's design tools, logic functions 
and other software and tools, and its AMPP partner logic 
functions, and any output files from any of the foregoing 
(including device programming or simulation files), and any 
associated documentation or information are expressly subject 
to the terms and conditions of the Altera Program License 
Subscription Agreement, Altera MegaCore Function License 
Agreement, or other applicable license agreement, including, 
without limitation, that your use is for the sole purpose of 
programming logic devices manufactured by Altera and sold by 
Altera or its authorized distributors.  Please refer to the 
applicable agreement for further details.



+-------------------------------------------------------------------------+
; Flow Summary                                                            ;
+-------------------------------+-----------------------------------------+
; Flow Status                   ; Successful - Wed Apr 09 20:40:34 2025   ;
; Quartus II Version            ; 9.1 Build 222 10/21/2009 SJ Web Edition ;
; Revision Name                 ; lab6                                    ;
; Top-level Entity Name         ; lab6                                    ;
; Family                        ; Stratix II                              ;
; Device                        ; EP2S15F484C3                            ;
; Timing Models                 ; Final                                   ;
; Met timing requirements       ; Yes                                     ;
; Logic utilization             ; < 1 %                                   ;
;     Combinational ALUTs       ; 16 / 12,480 ( < 1 % )                   ;
;     Dedicated logic registers ; 9 / 12,480 ( < 1 % )                    ;
; Total registers               ; 9                                       ;
; Total pins                    ; 7 / 343 ( 2 % )                         ;
; Total virtual pins            ; 0                                       ;
; Total block memory bits       ; 0 / 419,328 ( 0 % )                     ;
; DSP block 9-bit elements      ; 0 / 96 ( 0 % )                          ;
; Total PLLs                    ; 0 / 6 ( 0 % )                           ;
; Total DLLs                    ; 0 / 2 ( 0 % )                           ;
+-------------------------------+-----------------------------------------+


+-----------------------------------------+
; Flow Settings                           ;
+-------------------+---------------------+
; Option            ; Setting             ;
+-------------------+---------------------+
; Start date & time ; 04/09/2025 20:40:28 ;
; Main task         ; Compilation         ;
; Revision Name     ; lab6                ;
+-------------------+---------------------+


+-----------------------------------------------------------------------------------------------------------------------------------------------------+
; Flow Non-Default Global Settings                                                                                                                    ;
+------------------------------------+-----------------------------------------------------------------+---------------+-------------+----------------+
; Assignment Name                    ; Value                                                           ; Default Value ; Entity Name ; Section Id     ;
+------------------------------------+-----------------------------------------------------------------+---------------+-------------+----------------+
; COMPILER_SIGNATURE_ID              ; 4930994839233.174422042803528                                   ; --            ; --          ; --             ;
; MAX_CORE_JUNCTION_TEMP             ; 85                                                              ; --            ; --          ; --             ;
; MIN_CORE_JUNCTION_TEMP             ; 0                                                               ; --            ; --          ; --             ;
; MISC_FILE                          ; F:/Studying/SUAI/tatakae/6/Circuit_Design/Lab6/Quartus/lab6.dpf ; --            ; --          ; --             ;
; PARTITION_COLOR                    ; 16764057                                                        ; --            ; --          ; Top            ;
; PARTITION_NETLIST_TYPE             ; SOURCE                                                          ; --            ; --          ; Top            ;
; USE_GENERATED_PHYSICAL_CONSTRAINTS ; Off                                                             ; --            ; --          ; eda_blast_fpga ;
+------------------------------------+-----------------------------------------------------------------+---------------+-------------+----------------+


+-----------------------------------------------------------------------------------------------------------------------------+
; Flow Elapsed Time                                                                                                           ;
+-------------------------+--------------+-------------------------+---------------------+------------------------------------+
; Module Name             ; Elapsed Time ; Average Processors Used ; Peak Virtual Memory ; Total CPU Time (on all processors) ;
+-------------------------+--------------+-------------------------+---------------------+------------------------------------+
; Analysis & Synthesis    ; 00:00:00     ; 1.0                     ; 226 MB              ; 00:00:00                           ;
; Fitter                  ; 00:00:02     ; 1.0                     ; 265 MB              ; 00:00:02                           ;
; Assembler               ; 00:00:01     ; 1.0                     ; 232 MB              ; 00:00:01                           ;
; Classic Timing Analyzer ; 00:00:00     ; 1.0                     ; 162 MB              ; 00:00:00                           ;
; Total                   ; 00:00:03     ; --                      ; --                  ; 00:00:03                           ;
+-------------------------+--------------+-------------------------+---------------------+------------------------------------+


+------------------------------------------------------------------------------------------+
; Flow OS Summary                                                                          ;
+-------------------------+------------------+---------------+------------+----------------+
; Module Name             ; Machine Hostname ; OS Name       ; OS Version ; Processor type ;
+-------------------------+------------------+---------------+------------+----------------+
; Analysis & Synthesis    ; tensazangetsu    ; Windows Vista ; 6.2        ; x86_64         ;
; Fitter                  ; tensazangetsu    ; Windows Vista ; 6.2        ; x86_64         ;
; Assembler               ; tensazangetsu    ; Windows Vista ; 6.2        ; x86_64         ;
; Classic Timing Analyzer ; tensazangetsu    ; Windows Vista ; 6.2        ; x86_64         ;
+-------------------------+------------------+---------------+------------+----------------+


------------
; Flow Log ;
------------
quartus_map --read_settings_files=on --write_settings_files=off lab6 -c lab6
quartus_fit --read_settings_files=off --write_settings_files=off lab6 -c lab6
quartus_asm --read_settings_files=off --write_settings_files=off lab6 -c lab6
quartus_tan --read_settings_files=off --write_settings_files=off lab6 -c lab6 --timing_analysis_only



